<?xml version="1.0" encoding="UTF-8"?>
<!-- Generated by org.testng.reporters.JUnitReportReporter -->
<testsuite hostname="birendras-MacBook-Air.local" failures="0" tests="2" name="testCase.Registration" time="2.704" errors="0" timestamp="2020-05-27T11:43:27 EDT" skipped="0">
  <testcase classname="testCase.Registration" name="registerUser" time="1.198"/>
  <system-out>
Registration complete  </system-out>
  <testcase classname="testCase.Registration" name="registerUser" time="1.506"/>
  <system-out>
Registration complete  </system-out>
</testsuite> <!-- testCase.Registration -->
