<?xml version="1.0" encoding="UTF-8"?>
<!-- Generated by org.testng.reporters.JUnitReportReporter -->
<testsuite hostname="birendras-MacBook-Air.local" failures="0" tests="1" name="testCase.Registration" time="0.000" errors="0" timestamp="2020-05-25T21:52:02 EDT" skipped="0">
  <testcase classname="testCase.Registration" name="registerUser" time="0.000"/>
  <system-out/>
</testsuite> <!-- testCase.Registration -->
