<?xml version="1.0" encoding="UTF-8"?>
<!-- Generated by org.testng.reporters.JUnitReportReporter -->
<testsuite hostname="birendras-MacBook-Air.local" failures="0" tests="1" name="testCase.Registration" time="6.160" errors="0" timestamp="2020-07-08T19:37:01 EDT" skipped="0">
  <testcase classname="testCase.Registration" name="registration" time="6.160"/>
  <system-out/>
</testsuite> <!-- testCase.Registration -->
