<?xml version="1.0" encoding="UTF-8"?>
<!-- Generated by org.testng.reporters.JUnitReportReporter -->
<testsuite hostname="birendras-MacBook-Air.local" failures="0" tests="1" name="testCase.Ordering" time="0.004" errors="0" timestamp="2020-06-28T02:15:33 EDT" skipped="1">
  <testcase classname="testCase.Ordering" name="ordering" time="0.004">
    <skipped/>
  </testcase> <!-- ordering -->
  <system-out/>
</testsuite> <!-- testCase.Ordering -->
