<?xml version="1.0" encoding="UTF-8"?>
<!-- Generated by org.testng.reporters.JUnitReportReporter -->
<testsuite hostname="birendras-MacBook-Air.local" failures="0" tests="1" name="experiment.DataPovider" time="0.006" errors="0" timestamp="2020-07-01T18:57:55 EDT" skipped="0">
  <testcase classname="experiment.DataPovider" name="random" time="0.006"/>
  <system-out/>
</testsuite> <!-- experiment.DataPovider -->
