<?xml version="1.0" encoding="UTF-8"?>
<!-- Generated by org.testng.reporters.JUnitReportReporter -->
<testsuite hostname="birendras-MacBook-Air.local" failures="0" tests="2" name="testCase.Registration" time="0.017" errors="0" timestamp="2020-06-28T02:15:33 EDT" skipped="2">
  <testcase classname="testCase.Registration" name="registration" time="0.012">
    <skipped/>
  </testcase> <!-- registration -->
  <system-out/>
  <testcase classname="testCase.Registration" name="registration" time="0.005">
    <skipped/>
  </testcase> <!-- registration -->
  <system-out/>
</testsuite> <!-- testCase.Registration -->
