<?xml version="1.0" encoding="UTF-8"?>
<!-- Generated by org.testng.reporters.JUnitReportReporter -->
<testsuite hostname="birendras-MacBook-Air.local" failures="0" tests="1" name="testCase.Ordering" time="0.002" errors="0" timestamp="2020-06-06T15:21:36 EDT" skipped="0">
  <testcase classname="testCase.Ordering" name="orderItems" time="0.002"/>
  <system-out>
Test is Passed <a target="_blank" href=null>ScreenShot Caputured</a> <br> <a target="_blank" href=null><img src=null height=200 width=200></img></a>  </system-out>
</testsuite> <!-- testCase.Ordering -->
