<?xml version="1.0" encoding="UTF-8"?>
<!-- Generated by org.testng.reporters.JUnitReportReporter -->
<testsuite hostname="birendras-MacBook-Air.local" failures="0" tests="1" name="testCase.Ordering" time="0.002" errors="0" timestamp="2020-05-25T22:35:29 EDT" skipped="0">
  <testcase classname="testCase.Ordering" name="orderItems" time="0.002"/>
  <system-out/>
</testsuite> <!-- testCase.Ordering -->
