<?xml version="1.0" encoding="UTF-8"?>
<!-- Generated by org.testng.reporters.JUnitReportReporter -->
<testsuite hostname="birendras-MacBook-Air.local" failures="0" tests="1" name="utilities.RamdomDataGenerator" time="0.006" errors="0" timestamp="2020-05-26T19:25:09 EDT" skipped="0">
  <testcase classname="utilities.RamdomDataGenerator" name="randomNumber" time="0.006"/>
  <system-out/>
</testsuite> <!-- utilities.RamdomDataGenerator -->
