<?xml version="1.0" encoding="UTF-8"?>
<!-- Generated by org.testng.reporters.JUnitReportReporter -->
<testsuite hostname="birendras-MacBook-Air.local" failures="0" tests="1" name="testCase.ExtractLinks" time="5.027" errors="0" timestamp="2020-06-22T15:46:46 EDT" skipped="0">
  <testcase classname="testCase.ExtractLinks" name="extractLinks" time="5.027"/>
  <system-out/>
</testsuite> <!-- testCase.ExtractLinks -->
