<?xml version="1.0" encoding="UTF-8"?>
<!-- Generated by org.testng.reporters.JUnitReportReporter -->
<testsuite hostname="birendras-MacBook-Air.local" failures="0" tests="1" name="testCase.VerifyLoginPage" time="0.002" errors="0" timestamp="2020-06-28T02:15:33 EDT" skipped="1">
  <testcase classname="testCase.VerifyLoginPage" name="verifyLoginPage" time="0.002">
    <skipped/>
  </testcase> <!-- verifyLoginPage -->
  <system-out/>
</testsuite> <!-- testCase.VerifyLoginPage -->
