<?xml version="1.0" encoding="UTF-8"?>
<!-- Generated by org.testng.reporters.JUnitReportReporter -->
<testsuite hostname="birendras-MacBook-Air.local" failures="0" tests="1" name="testCase.Login" time="21.530" errors="0" timestamp="2020-06-28T02:15:33 EDT" skipped="0">
  <testcase classname="testCase.Login" name="login" time="21.530"/>
  <system-out/>
</testsuite> <!-- testCase.Login -->
