<?xml version="1.0" encoding="UTF-8"?>
<!-- Generated by org.testng.reporters.JUnitReportReporter -->
<testsuite hostname="birendras-MacBook-Air.local" failures="0" tests="1" name="testCase.Login" time="0.003" errors="0" timestamp="2020-05-31T02:00:40 EDT" skipped="0">
  <testcase classname="testCase.Login" name="loginUser" time="0.003"/>
  <system-out>
Test Complete  </system-out>
</testsuite> <!-- testCase.Login -->
