<?xml version="1.0" encoding="UTF-8"?>
<!-- Generated by org.testng.reporters.JUnitReportReporter -->
<testsuite hostname="birendras-MacBook-Air.local" failures="0" tests="1" name="testCase.Login" time="0.006" errors="0" timestamp="2020-05-25T22:35:29 EDT" skipped="0">
  <testcase classname="testCase.Login" name="loginUser" time="0.006"/>
  <system-out/>
</testsuite> <!-- testCase.Login -->
