<?xml version="1.0" encoding="UTF-8"?>
<!-- Generated by org.testng.reporters.JUnitReportReporter -->
<testsuite hostname="birendras-MacBook-Air.local" failures="0" tests="1" name="testCase.Registration" time="0.000" errors="0" timestamp="2020-06-16T15:12:15 EDT" skipped="1">
  <testcase classname="testCase.Registration" name="registerUser" time="0.000">
    <skipped/>
  </testcase> <!-- registerUser -->
  <system-out/>
</testsuite> <!-- testCase.Registration -->
