<?xml version="1.0" encoding="UTF-8"?>
<!-- Generated by org.testng.reporters.JUnitReportReporter -->
<testsuite hostname="birendras-MacBook-Air.local" failures="0" tests="2" name="testCase.Registration" time="2.265" errors="0" timestamp="2020-05-31T02:00:40 EDT" skipped="0">
  <testcase classname="testCase.Registration" name="registerUser" time="1.094"/>
  <system-out/>
  <testcase classname="testCase.Registration" name="registerUser" time="1.171"/>
  <system-out/>
</testsuite> <!-- testCase.Registration -->
