<?xml version="1.0" encoding="UTF-8"?>
<!-- Generated by org.testng.reporters.JUnitReportReporter -->
<testsuite hostname="birendras-MacBook-Air.local" failures="0" tests="1" name="testCase.VerifyLoginPage" time="0.978" errors="0" timestamp="2020-05-26T16:24:49 EDT" skipped="0">
  <testcase classname="testCase.VerifyLoginPage" name="verifyLoginPage" time="0.978"/>
  <system-out/>
</testsuite> <!-- testCase.VerifyLoginPage -->
