<?xml version="1.0" encoding="UTF-8"?>
<!-- Generated by org.testng.reporters.JUnitReportReporter -->
<testsuite hostname="birendras-MacBook-Air.local" failures="0" tests="1" name="experiment.ExcelWrite" time="1.690" errors="0" timestamp="2020-06-26T23:20:48 EDT" skipped="0">
  <testcase classname="experiment.ExcelWrite" name="writeInExcel" time="1.690"/>
  <system-out/>
</testsuite> <!-- experiment.ExcelWrite -->
