<?xml version="1.0" encoding="UTF-8"?>
<!-- Generated by org.testng.reporters.JUnitReportReporter -->
<testsuite hostname="birendras-MacBook-Air.local" failures="0" tests="1" name="testCase.Login" time="0.004" errors="0" timestamp="2020-06-05T14:11:26 EDT" skipped="0">
  <testcase classname="testCase.Login" name="loginUser" time="0.004"/>
  <system-out>
Login Completed <a target="_blank" href="/Users/birendra/git/datadriven/SampleDataTest/test-output/html/a.png">ScreenShot Caputured</a> <br> <a target="_blank" href="/Users/birendra/git/datadriven/SampleDataTest/test-output/html/a.png"><img src="/Users/birendra/git/datadriven/SampleDataTest/test-output/html/a.png" height=200 width=200></img></a>  </system-out>
</testsuite> <!-- testCase.Login -->
