<?xml version="1.0" encoding="UTF-8"?>
<!-- Generated by org.testng.reporters.JUnitReportReporter -->
<testsuite hostname="birendras-MacBook-Air.local" failures="0" tests="2" name="experiment.GenerateData" time="0.007" errors="0" timestamp="2020-06-28T14:51:29 EDT" skipped="0">
  <testcase classname="experiment.GenerateData" name="generateTestData" time="0.001"/>
  <system-out/>
  <testcase classname="experiment.GenerateData" name="generateTestData" time="0.006"/>
  <system-out/>
</testsuite> <!-- experiment.GenerateData -->
